d:\semseters\spring 2024\cie 206 (data base)\project final\project\ppp\project\x64\debug\vc143.pdb
d:\semseters\spring 2024\cie 206 (data base)\project final\project\ppp\project\x64\debug\vc143.idb
d:\semseters\spring 2024\cie 206 (data base)\project final\project\ppp\project\x64\debug\unit.obj
d:\semseters\spring 2024\cie 206 (data base)\project final\project\ppp\project\x64\debug\source.obj
d:\semseters\spring 2024\cie 206 (data base)\project final\project\ppp\project\x64\debug\monster_array.obj
d:\semseters\spring 2024\cie 206 (data base)\project final\project\ppp\project\x64\debug\game.obj
d:\semseters\spring 2024\cie 206 (data base)\project final\project\ppp\project\x64\debug\et_stack.obj
d:\semseters\spring 2024\cie 206 (data base)\project final\project\ppp\project\x64\debug\et.obj
d:\semseters\spring 2024\cie 206 (data base)\project final\project\ppp\project\x64\debug\eratharmy.obj
d:\semseters\spring 2024\cie 206 (data base)\project final\project\ppp\project\x64\debug\earth_soldier_queue.obj
d:\semseters\spring 2024\cie 206 (data base)\project final\project\ppp\project\x64\debug\earth_soldier.obj
d:\semseters\spring 2024\cie 206 (data base)\project final\project\ppp\project\x64\debug\earth_gunnery_pqueue.obj
d:\semseters\spring 2024\cie 206 (data base)\project final\project\ppp\project\x64\debug\earth_gunnery.obj
d:\semseters\spring 2024\cie 206 (data base)\project final\project\ppp\project\x64\debug\earth_drones_queues.obj
d:\semseters\spring 2024\cie 206 (data base)\project final\project\ppp\project\x64\debug\alien_soldier_queue.obj
d:\semseters\spring 2024\cie 206 (data base)\project final\project\ppp\project\x64\debug\alien_soldier.obj
d:\semseters\spring 2024\cie 206 (data base)\project final\project\ppp\project\x64\debug\alien_monster.obj
d:\semseters\spring 2024\cie 206 (data base)\project final\project\ppp\project\x64\debug\alien_drones_queues.obj
d:\semseters\spring 2024\cie 206 (data base)\project final\project\ppp\project\x64\debug\alien_drone.obj
d:\semseters\spring 2024\cie 206 (data base)\project final\project\ppp\project\x64\debug\alienarmy.obj
d:\semseters\spring 2024\cie 206 (data base)\project final\project\ppp\project\x64\debug\randgen.obj
d:\semseters\spring 2024\cie 206 (data base)\project final\project\ppp\x64\debug\project.exe
d:\semseters\spring 2024\cie 206 (data base)\project final\project\ppp\x64\debug\project.pdb
d:\semseters\spring 2024\cie 206 (data base)\project final\project\ppp\project\x64\debug\project.res
d:\semseters\spring 2024\cie 206 (data base)\project final\project\ppp\project\x64\debug\project.ilk
d:\semseters\spring 2024\cie 206 (data base)\project final\project\ppp\project\x64\debug\project.tlog\cl.command.1.tlog
d:\semseters\spring 2024\cie 206 (data base)\project final\project\ppp\project\x64\debug\project.tlog\cl.items.tlog
d:\semseters\spring 2024\cie 206 (data base)\project final\project\ppp\project\x64\debug\project.tlog\cl.read.1.tlog
d:\semseters\spring 2024\cie 206 (data base)\project final\project\ppp\project\x64\debug\project.tlog\cl.write.1.tlog
d:\semseters\spring 2024\cie 206 (data base)\project final\project\ppp\project\x64\debug\project.tlog\link.command.1.tlog
d:\semseters\spring 2024\cie 206 (data base)\project final\project\ppp\project\x64\debug\project.tlog\link.read.1.tlog
d:\semseters\spring 2024\cie 206 (data base)\project final\project\ppp\project\x64\debug\project.tlog\link.secondary.1.tlog
d:\semseters\spring 2024\cie 206 (data base)\project final\project\ppp\project\x64\debug\project.tlog\link.write.1.tlog
d:\semseters\spring 2024\cie 206 (data base)\project final\project\ppp\project\x64\debug\project.tlog\rc.command.1.tlog
d:\semseters\spring 2024\cie 206 (data base)\project final\project\ppp\project\x64\debug\project.tlog\rc.read.1.tlog
d:\semseters\spring 2024\cie 206 (data base)\project final\project\ppp\project\x64\debug\project.tlog\rc.write.1.tlog
